<?xml version="1.0" encoding="UTF-8"?>
<testng-results ignored="0" total="2" passed="2" failed="0" skipped="0">
  <reporter-output>
    <line>
      <![CDATA[get operation is successful]]>
    </line>
    <line>
      <![CDATA[closeing the application]]>
    </line>
    <line>
      <![CDATA[post operation is successful]]>
    </line>
    <line>
      <![CDATA[patch operation is scuccessful]]>
    </line>
    <line>
      <![CDATA[delete operation is scuccessful]]>
    </line>
    <line>
      <![CDATA[closeing the application]]>
    </line>
  </reporter-output>
  <suite started-at="2022-04-01T19:50:13 IST" name="Suite" finished-at="2022-04-01T19:50:25 IST" duration-ms="11938">
    <groups>
    </groups>
    <test started-at="2022-04-01T19:50:13 IST" name="Test" finished-at="2022-04-01T19:50:25 IST" duration-ms="11938">
      <class name="com.Github.curdopertions.PostOperation">
        <test-method is-config="true" signature="openApp()[pri:0, instance:com.Github.curdopertions.PostOperation@6f27a732]" started-at="2022-04-01T19:50:19 IST" name="openApp" finished-at="2022-04-01T19:50:19 IST" duration-ms="1" status="PASS">
          <reporter-output>
          </reporter-output>
        </test-method> <!-- openApp -->
        <test-method signature="tc2()[pri:0, instance:com.Github.curdopertions.PostOperation@6f27a732]" started-at="2022-04-01T19:50:19 IST" name="tc2" finished-at="2022-04-01T19:50:25 IST" duration-ms="5341" status="PASS">
          <reporter-output>
            <line>
              <![CDATA[post operation is successful]]>
            </line>
            <line>
              <![CDATA[patch operation is scuccessful]]>
            </line>
            <line>
              <![CDATA[delete operation is scuccessful]]>
            </line>
          </reporter-output>
        </test-method> <!-- tc2 -->
        <test-method is-config="true" signature="closeApp()[pri:0, instance:com.Github.curdopertions.PostOperation@6f27a732]" started-at="2022-04-01T19:50:25 IST" name="closeApp" finished-at="2022-04-01T19:50:25 IST" duration-ms="0" status="PASS">
          <reporter-output>
            <line>
              <![CDATA[closeing the application]]>
            </line>
          </reporter-output>
        </test-method> <!-- closeApp -->
      </class> <!-- com.Github.curdopertions.PostOperation -->
      <class name="com.Github.curdopertions.GetOperation">
        <test-method is-config="true" signature="openApp()[pri:0, instance:com.Github.curdopertions.GetOperation@68e965f5]" started-at="2022-04-01T19:50:13 IST" name="openApp" finished-at="2022-04-01T19:50:15 IST" duration-ms="2000" status="PASS">
          <reporter-output>
          </reporter-output>
        </test-method> <!-- openApp -->
        <test-method signature="tc1()[pri:0, instance:com.Github.curdopertions.GetOperation@68e965f5]" started-at="2022-04-01T19:50:15 IST" name="tc1" finished-at="2022-04-01T19:50:19 IST" duration-ms="4400" status="PASS">
          <reporter-output>
            <line>
              <![CDATA[get operation is successful]]>
            </line>
          </reporter-output>
        </test-method> <!-- tc1 -->
        <test-method is-config="true" signature="closeApp()[pri:0, instance:com.Github.curdopertions.GetOperation@68e965f5]" started-at="2022-04-01T19:50:19 IST" name="closeApp" finished-at="2022-04-01T19:50:19 IST" duration-ms="7" status="PASS">
          <reporter-output>
            <line>
              <![CDATA[closeing the application]]>
            </line>
          </reporter-output>
        </test-method> <!-- closeApp -->
      </class> <!-- com.Github.curdopertions.GetOperation -->
    </test> <!-- Test -->
  </suite> <!-- Suite -->
</testng-results>
